[debug] [2025-09-30T14:11:27.561Z] ----------------------------------------------------------------------
[debug] [2025-09-30T14:11:27.562Z] Command:       /Users/utente/.nvm/versions/node/v20.19.5/bin/node /usr/local/bin/firebase init
[debug] [2025-09-30T14:11:27.562Z] CLI Version:   14.17.0
[debug] [2025-09-30T14:11:27.562Z] Platform:      darwin
[debug] [2025-09-30T14:11:27.563Z] Node Version:  v20.19.5
[debug] [2025-09-30T14:11:27.563Z] Time:          Tue Sep 30 2025 16:11:27 GMT+0200 (Central European Summer Time)
[debug] [2025-09-30T14:11:27.563Z] ----------------------------------------------------------------------
[debug] 
[debug] [2025-09-30T14:11:27.565Z] > command requires scopes: ["email","openid","https://www.googleapis.com/auth/cloudplatformprojects.readonly","https://www.googleapis.com/auth/firebase","https://www.googleapis.com/auth/cloud-platform"]
[debug] [2025-09-30T14:11:27.565Z] > authorizing via signed-in user (pierdelsaturnia@gmail.com)
[info] 
     ######## #### ########  ######## ########     ###     ######  ########
     ##        ##  ##     ## ##       ##     ##  ##   ##  ##       ##
     ######    ##  ########  ######   ########  #########  ######  ######
     ##        ##  ##    ##  ##       ##     ## ##     ##       ## ##
     ##       #### ##     ## ######## ########  ##     ##  ######  ########

You're about to initialize a Firebase project in this directory:

  /Users/utente/Desktop/fin-ag/FinAg

[info] 
=== Account Setup
[info] 
[info] Which account do you want to use for this project? Choose an account or add a new one now
[info] 
[debug] [2025-09-30T14:15:44.280Z] setProjectAccount(/Users/utente/Desktop/fin-ag/FinAg, finanza.agevolata123@gmail.com)
[info] 
[info] ✔  Using account: finanza.agevolata123@gmail.com 
[info] 
=== Project Setup
[info] 
[info] First, let's associate this project directory with a Firebase project.
[info] You can create multiple project aliases by running firebase use --add, 
[info] but for now we'll just set up a default project.
[info] 
[debug] [2025-09-30T14:15:49.031Z] No OAuth tokens found
[debug] [2025-09-30T14:15:49.032Z] No OAuth tokens found
[debug] [2025-09-30T14:15:49.032Z] > refreshing access token with scopes: []
[debug] [2025-09-30T14:15:49.034Z] >>> [apiv2][query] POST https://www.googleapis.com/oauth2/v3/token [none]
[debug] [2025-09-30T14:15:49.034Z] >>> [apiv2][body] POST https://www.googleapis.com/oauth2/v3/token [omitted]
[debug] [2025-09-30T14:15:49.208Z] <<< [apiv2][status] POST https://www.googleapis.com/oauth2/v3/token 200
[debug] [2025-09-30T14:15:49.208Z] <<< [apiv2][body] POST https://www.googleapis.com/oauth2/v3/token [omitted]
[debug] [2025-09-30T14:15:49.217Z] >>> [apiv2][query] GET https://firebase.googleapis.com/v1beta1/projects pageSize=100
[debug] [2025-09-30T14:15:49.711Z] <<< [apiv2][status] GET https://firebase.googleapis.com/v1beta1/projects 200
[debug] [2025-09-30T14:15:49.712Z] <<< [apiv2][body] GET https://firebase.googleapis.com/v1beta1/projects [omitted]
[info] i  Using project finage-efd7b (FinAge) 
[info] 
=== Firestore Setup
[info] i  firestore: ensuring required API firestore.googleapis.com is enabled... 
[debug] [2025-09-30T14:15:50.963Z] Checked if tokens are valid: true, expires at: 1759245348208
[debug] [2025-09-30T14:15:50.963Z] Checked if tokens are valid: true, expires at: 1759245348208
[debug] [2025-09-30T14:15:50.963Z] >>> [apiv2][query] GET https://serviceusage.googleapis.com/v1/projects/finage-efd7b/services/firestore.googleapis.com [none]
[debug] [2025-09-30T14:15:50.963Z] >>> [apiv2][(partial)header] GET https://serviceusage.googleapis.com/v1/projects/finage-efd7b/services/firestore.googleapis.com x-goog-quota-user=projects/finage-efd7b
[debug] [2025-09-30T14:15:52.001Z] <<< [apiv2][status] GET https://serviceusage.googleapis.com/v1/projects/finage-efd7b/services/firestore.googleapis.com 200
[debug] [2025-09-30T14:15:52.001Z] <<< [apiv2][body] GET https://serviceusage.googleapis.com/v1/projects/finage-efd7b/services/firestore.googleapis.com [omitted]
[info] ✔  firestore: required API firestore.googleapis.com is enabled 
[debug] [2025-09-30T14:15:52.009Z] Checked if tokens are valid: true, expires at: 1759245348208
[debug] [2025-09-30T14:15:52.009Z] Checked if tokens are valid: true, expires at: 1759245348208
[debug] [2025-09-30T14:15:52.009Z] >>> [apiv2][query] GET https://firestore.googleapis.com/v1/projects/finage-efd7b/databases [none]
[debug] [2025-09-30T14:15:52.614Z] <<< [apiv2][status] GET https://firestore.googleapis.com/v1/projects/finage-efd7b/databases 200
[debug] [2025-09-30T14:15:52.615Z] <<< [apiv2][body] GET https://firestore.googleapis.com/v1/projects/finage-efd7b/databases {"databases":[{"name":"projects/finage-efd7b/databases/(default)","uid":"1d047de1-25ce-439a-b644-9572d58d8cf3","createTime":"2025-09-30T12:16:53.808821Z","updateTime":"2025-09-30T12:16:53.808821Z","locationId":"eur3","type":"FIRESTORE_NATIVE","concurrencyMode":"PESSIMISTIC","versionRetentionPeriod":"3600s","earliestVersionTime":"2025-09-30T13:15:52.702522Z","appEngineIntegrationMode":"DISABLED","keyPrefix":"e","pointInTimeRecoveryEnablement":"POINT_IN_TIME_RECOVERY_DISABLED","deleteProtectionState":"DELETE_PROTECTION_DISABLED","databaseEdition":"STANDARD","freeTier":true,"etag":"IIHn5J3WgJADMLWd7tG7gJAD"}]}
[info] 
[info] Firestore Security Rules allow you to define how and when to allow
[info] requests. You can keep these rules in your project directory
[info] and publish them with firebase deploy.
[info] 
[debug] [2025-09-30T14:16:06.181Z] Checked if tokens are valid: true, expires at: 1759245348208
[debug] [2025-09-30T14:16:06.182Z] Checked if tokens are valid: true, expires at: 1759245348208
[debug] [2025-09-30T14:16:06.182Z] >>> [apiv2][query] GET https://firebaserules.googleapis.com/v1/projects/finage-efd7b/releases pageSize=10&pageToken=
[debug] [2025-09-30T14:16:07.067Z] <<< [apiv2][status] GET https://firebaserules.googleapis.com/v1/projects/finage-efd7b/releases 200
[debug] [2025-09-30T14:16:07.067Z] <<< [apiv2][body] GET https://firebaserules.googleapis.com/v1/projects/finage-efd7b/releases {"releases":[{"name":"projects/finage-efd7b/releases/cloud.firestore","rulesetName":"projects/finage-efd7b/rulesets/863f2db7-555a-432e-ae33-e96f4b8f61cc","createTime":"2025-09-30T12:16:59.713947Z","updateTime":"2025-09-30T12:19:56.361149Z"}]}
[debug] [2025-09-30T14:16:07.067Z] Checked if tokens are valid: true, expires at: 1759245348208
[debug] [2025-09-30T14:16:07.067Z] Checked if tokens are valid: true, expires at: 1759245348208
[debug] [2025-09-30T14:16:07.067Z] >>> [apiv2][query] GET https://firebaserules.googleapis.com/v1/projects/finage-efd7b/rulesets/863f2db7-555a-432e-ae33-e96f4b8f61cc [none]
[debug] [2025-09-30T14:16:07.276Z] <<< [apiv2][status] GET https://firebaserules.googleapis.com/v1/projects/finage-efd7b/rulesets/863f2db7-555a-432e-ae33-e96f4b8f61cc 200
[debug] [2025-09-30T14:16:07.276Z] <<< [apiv2][body] GET https://firebaserules.googleapis.com/v1/projects/finage-efd7b/rulesets/863f2db7-555a-432e-ae33-e96f4b8f61cc [omitted]
[info] i  Downloaded the existing Firestore Security Rules from the Firebase console 
[info] 
[info] Firestore indexes allow you to perform complex queries while
[info] maintaining performance that scales with the size of the result
[info] set. You can keep index definitions in your project directory
[info] and publish them with firebase deploy.
[info] 
[debug] [2025-09-30T14:16:15.065Z] Checked if tokens are valid: true, expires at: 1759245348208
[debug] [2025-09-30T14:16:15.065Z] Checked if tokens are valid: true, expires at: 1759245348208
[debug] [2025-09-30T14:16:15.065Z] Checked if tokens are valid: true, expires at: 1759245348208
[debug] [2025-09-30T14:16:15.065Z] Checked if tokens are valid: true, expires at: 1759245348208
[debug] [2025-09-30T14:16:15.066Z] >>> [apiv2][query] GET https://firestore.googleapis.com/v1/projects/finage-efd7b/databases/(default)/collectionGroups/-/indexes [none]
[debug] [2025-09-30T14:16:15.068Z] >>> [apiv2][query] GET https://firestore.googleapis.com/v1/projects/finage-efd7b/databases/(default)/collectionGroups/-/fields?filter=indexConfig.usesAncestorConfig=false OR ttlConfig:* [none]
[debug] [2025-09-30T14:16:15.339Z] <<< [apiv2][status] GET https://firestore.googleapis.com/v1/projects/finage-efd7b/databases/(default)/collectionGroups/-/indexes 200
[debug] [2025-09-30T14:16:15.340Z] <<< [apiv2][body] GET https://firestore.googleapis.com/v1/projects/finage-efd7b/databases/(default)/collectionGroups/-/indexes {}
[debug] [2025-09-30T14:16:15.727Z] <<< [apiv2][status] GET https://firestore.googleapis.com/v1/projects/finage-efd7b/databases/(default)/collectionGroups/-/fields?filter=indexConfig.usesAncestorConfig=false OR ttlConfig:* 200
[debug] [2025-09-30T14:16:15.727Z] <<< [apiv2][body] GET https://firestore.googleapis.com/v1/projects/finage-efd7b/databases/(default)/collectionGroups/-/fields?filter=indexConfig.usesAncestorConfig=false OR ttlConfig:* {"fields":[{"name":"projects/finage-efd7b/databases/(default)/collectionGroups/__default__/fields/*","indexConfig":{"indexes":[{"queryScope":"COLLECTION","fields":[{"fieldPath":"*","order":"ASCENDING"}],"state":"READY"},{"queryScope":"COLLECTION","fields":[{"fieldPath":"*","order":"DESCENDING"}],"state":"READY"},{"queryScope":"COLLECTION","fields":[{"fieldPath":"*","arrayConfig":"CONTAINS"}],"state":"READY"}]}}]}
[info] i  Downloaded the existing Firestore indexes from the Firebase console 
[info] ✔  Wrote firestore.rules 
[info] ✔  Wrote firestore.indexes.json 
[info] 
=== Functions Setup
[debug] [2025-09-30T14:16:15.888Z] > command requires scopes: ["email","openid","https://www.googleapis.com/auth/cloudplatformprojects.readonly","https://www.googleapis.com/auth/firebase","https://www.googleapis.com/auth/cloud-platform"]
[debug] [2025-09-30T14:16:15.888Z] > authorizing via signed-in user (finanza.agevolata123@gmail.com)
[debug] [2025-09-30T14:16:15.888Z] [iam] checking project finage-efd7b for permissions ["firebase.projects.get"]
[debug] [2025-09-30T14:16:15.889Z] Checked if tokens are valid: true, expires at: 1759245348208
[debug] [2025-09-30T14:16:15.889Z] Checked if tokens are valid: true, expires at: 1759245348208
[debug] [2025-09-30T14:16:15.889Z] >>> [apiv2][query] POST https://cloudresourcemanager.googleapis.com/v1/projects/finage-efd7b:testIamPermissions [none]
[debug] [2025-09-30T14:16:15.889Z] >>> [apiv2][(partial)header] POST https://cloudresourcemanager.googleapis.com/v1/projects/finage-efd7b:testIamPermissions x-goog-quota-user=projects/finage-efd7b
[debug] [2025-09-30T14:16:15.889Z] >>> [apiv2][body] POST https://cloudresourcemanager.googleapis.com/v1/projects/finage-efd7b:testIamPermissions {"permissions":["firebase.projects.get"]}
[debug] [2025-09-30T14:16:16.698Z] <<< [apiv2][status] POST https://cloudresourcemanager.googleapis.com/v1/projects/finage-efd7b:testIamPermissions 200
[debug] [2025-09-30T14:16:16.698Z] <<< [apiv2][body] POST https://cloudresourcemanager.googleapis.com/v1/projects/finage-efd7b:testIamPermissions {"permissions":["firebase.projects.get"]}
[debug] [2025-09-30T14:16:16.699Z] Checked if tokens are valid: true, expires at: 1759245348208
[debug] [2025-09-30T14:16:16.699Z] Checked if tokens are valid: true, expires at: 1759245348208
[debug] [2025-09-30T14:16:16.699Z] Checked if tokens are valid: true, expires at: 1759245348208
[debug] [2025-09-30T14:16:16.699Z] Checked if tokens are valid: true, expires at: 1759245348208
[debug] [2025-09-30T14:16:16.699Z] >>> [apiv2][query] GET https://serviceusage.googleapis.com/v1/projects/finage-efd7b/services/cloudfunctions.googleapis.com [none]
[debug] [2025-09-30T14:16:16.699Z] >>> [apiv2][(partial)header] GET https://serviceusage.googleapis.com/v1/projects/finage-efd7b/services/cloudfunctions.googleapis.com x-goog-quota-user=projects/finage-efd7b
[debug] [2025-09-30T14:16:16.702Z] >>> [apiv2][query] GET https://serviceusage.googleapis.com/v1/projects/finage-efd7b/services/runtimeconfig.googleapis.com [none]
[debug] [2025-09-30T14:16:16.702Z] >>> [apiv2][(partial)header] GET https://serviceusage.googleapis.com/v1/projects/finage-efd7b/services/runtimeconfig.googleapis.com x-goog-quota-user=projects/finage-efd7b
[debug] [2025-09-30T14:16:17.690Z] <<< [apiv2][status] GET https://serviceusage.googleapis.com/v1/projects/finage-efd7b/services/runtimeconfig.googleapis.com 200
[debug] [2025-09-30T14:16:17.691Z] <<< [apiv2][body] GET https://serviceusage.googleapis.com/v1/projects/finage-efd7b/services/runtimeconfig.googleapis.com [omitted]
[debug] [2025-09-30T14:16:17.699Z] <<< [apiv2][status] GET https://serviceusage.googleapis.com/v1/projects/finage-efd7b/services/cloudfunctions.googleapis.com 200
[debug] [2025-09-30T14:16:17.699Z] <<< [apiv2][body] GET https://serviceusage.googleapis.com/v1/projects/finage-efd7b/services/cloudfunctions.googleapis.com [omitted]
[debug] [2025-09-30T14:16:17.700Z] Checked if tokens are valid: true, expires at: 1759245348208
[debug] [2025-09-30T14:16:17.700Z] Checked if tokens are valid: true, expires at: 1759245348208
[debug] [2025-09-30T14:16:17.700Z] >>> [apiv2][query] POST https://serviceusage.googleapis.com/v1/projects/finage-efd7b/services/cloudfunctions.googleapis.com:enable [none]
[debug] [2025-09-30T14:16:17.700Z] >>> [apiv2][(partial)header] POST https://serviceusage.googleapis.com/v1/projects/finage-efd7b/services/cloudfunctions.googleapis.com:enable x-goog-quota-user=projects/finage-efd7b
[debug] [2025-09-30T14:16:19.046Z] <<< [apiv2][status] POST https://serviceusage.googleapis.com/v1/projects/finage-efd7b/services/cloudfunctions.googleapis.com:enable 200
[debug] [2025-09-30T14:16:19.046Z] <<< [apiv2][body] POST https://serviceusage.googleapis.com/v1/projects/finage-efd7b/services/cloudfunctions.googleapis.com:enable [omitted]
[info] Let's create a new codebase for your functions.
[info] A directory corresponding to the codebase will be created in your project
[info] with sample code pre-configured.

[info] See https://firebase.google.com/docs/functions/organize-functions for
[info] more information on organizing your functions using codebases.

[info] Functions can be deployed with firebase deploy.

[info] ✔  Wrote functions/package.json 
[info] ✔  Wrote functions/.eslintrc.js 
[info] ✔  Wrote functions/index.js 
[info] ✔  Wrote functions/.gitignore 
[info] 
=== Hosting Setup
[debug] [2025-09-30T14:16:51.218Z] Checked if tokens are valid: true, expires at: 1759245348208
[debug] [2025-09-30T14:16:51.218Z] Checked if tokens are valid: true, expires at: 1759245348208
[debug] [2025-09-30T14:16:51.218Z] >>> [apiv2][query] GET https://firebase.googleapis.com/v1beta1/projects/finage-efd7b [none]
[debug] [2025-09-30T14:16:51.528Z] <<< [apiv2][status] GET https://firebase.googleapis.com/v1beta1/projects/finage-efd7b 200
[debug] [2025-09-30T14:16:51.529Z] <<< [apiv2][body] GET https://firebase.googleapis.com/v1beta1/projects/finage-efd7b {"projectId":"finage-efd7b","projectNumber":"204371538639","displayName":"FinAge","name":"projects/finage-efd7b","resources":{"hostingSite":"finage-efd7b"},"state":"ACTIVE","etag":"1_4cfab2b4-59ab-4e16-ab3a-3afe1bc5ab6e"}
[info] 
[info] Your public directory is the folder (relative to your project directory) that
[info] will contain Hosting assets to be uploaded with firebase deploy. If you
[info] have a build process for your assets, use your build's output directory.
[info] 
[debug] [2025-09-30T14:17:05.630Z] Error: EROFS: read-only file system, open '/404.html'
    at Object.writeFileSync (node:fs:2368:20)
    at Object.createFileSync (/usr/local/lib/node_modules/firebase-tools/node_modules/fs-extra/lib/ensure/file.js:63:6)
    at Config.writeProjectFile (/usr/local/lib/node_modules/firebase-tools/lib/config.js:172:12)
    at Config.askWriteProjectFile (/usr/local/lib/node_modules/firebase-tools/lib/config.js:220:14)
    at async Object.doSetup (/usr/local/lib/node_modules/firebase-tools/lib/init/features/hosting/index.js:153:13)
    at async init (/usr/local/lib/node_modules/firebase-tools/lib/init/index.js:68:13)
    at async Command.initAction [as actionFn] (/usr/local/lib/node_modules/firebase-tools/lib/commands/init.js:214:5)
[error] 
[error] Error: An unexpected error has occurred.
